<?xml version="1.0" encoding="UTF-8"?>
<!-- Generated by org.testng.reporters.JUnitReportReporter -->
<testsuite hostname="LAPTOP-1HDOL07R" failures="0" tests="1" name="com.inetbanking.testCases.TC_AddCustomerTest_003" time="26.280" errors="0" timestamp="2022-05-11T15:34:09 EDT" skipped="0">
  <testcase classname="com.inetbanking.testCases.TC_AddCustomerTest_003" name="addNewCustomer" time="26.280"/>
  <system-out/>
</testsuite> <!-- com.inetbanking.testCases.TC_AddCustomerTest_003 -->
